# JRE version: OpenJDK Runtime Environment (8.0_112-b06) (build 1.8.0_112-release-b06)
# Java VM: OpenJDK 64-Bit Server VM (25.112-b06 mixed mode windows-amd64 compressed oops)
Heap:
 PSYoungGen      total 212992K, used 135461K [0x00000000eab00000, 0x00000000fb680000, 0x0000000100000000)
  eden space 185344K, 67% used [0x00000000eab00000,0x00000000f25f71d8,0x00000000f6000000)
  from space 27648K, 34% used [0x00000000f7a00000,0x00000000f8352538,0x00000000f9500000)
  to   space 26624K, 0% used [0x00000000f6000000,0x00000000f6000000,0x00000000f7a00000)
 ParOldGen       total 108544K, used 42363K [0x00000000c0000000, 0x00000000c6a00000, 0x00000000eab00000)
  object space 108544K, 39% used [0x00000000c0000000,0x00000000c295ec70,0x00000000c6a00000)
 Metaspace       used 59292K, capacity 62534K, committed 62680K, reserved 1103872K
  class space    used 7940K, capacity 8572K, committed 8664K, reserved 1048576K
GC Heap History (10 events):
Event: 39.620 GC heap before
{Heap before GC invocations=13 (full 2):
 PSYoungGen      total 168960K, used 168947K [0x00000000eab00000, 0x00000000f6c00000, 0x0000000100000000)
  eden space 154624K, 100% used [0x00000000eab00000,0x00000000f4200000,0x00000000f4200000)
  from space 14336K, 99% used [0x00000000f5480000,0x00000000f627ce88,0x00000000f6280000)
  to   space 18944K, 0% used [0x00000000f4200000,0x00000000f4200000,0x00000000f5480000)
 ParOldGen       total 65024K, used 22886K [0x00000000c0000000, 0x00000000c3f80000, 0x00000000eab00000)
  object space 65024K, 35% used [0x00000000c0000000,0x00000000c1659a48,0x00000000c3f80000)
 Metaspace       used 53830K, capacity 56140K, committed 56280K, reserved 1097728K
  class space    used 7324K, capacity 7795K, committed 7896K, reserved 1048576K
Event: 39.698 GC heap after
Heap after GC invocations=13 (full 2):
 PSYoungGen      total 173568K, used 18929K [0x00000000eab00000, 0x00000000f9a80000, 0x0000000100000000)
  eden space 154624K, 0% used [0x00000000eab00000,0x00000000eab00000,0x00000000f4200000)
  from space 18944K, 99% used [0x00000000f4200000,0x00000000f547c7a8,0x00000000f5480000)
  to   space 25088K, 0% used [0x00000000f8200000,0x00000000f8200000,0x00000000f9a80000)
 ParOldGen       total 65024K, used 32975K [0x00000000c0000000, 0x00000000c3f80000, 0x00000000eab00000)
  object space 65024K, 50% used [0x00000000c0000000,0x00000000c2033fe0,0x00000000c3f80000)
 Metaspace       used 53830K, capacity 56140K, committed 56280K, reserved 1097728K
  class space    used 7324K, capacity 7795K, committed 7896K, reserved 1048576K
}
Event: 680.131 GC heap before
{Heap before GC invocations=14 (full 2):
 PSYoungGen      total 173568K, used 80617K [0x00000000eab00000, 0x00000000f9a80000, 0x0000000100000000)
  eden space 154624K, 39% used [0x00000000eab00000,0x00000000ee73ddd8,0x00000000f4200000)
  from space 18944K, 99% used [0x00000000f4200000,0x00000000f547c7a8,0x00000000f5480000)
  to   space 25088K, 0% used [0x00000000f8200000,0x00000000f8200000,0x00000000f9a80000)
 ParOldGen       total 65024K, used 32975K [0x00000000c0000000, 0x00000000c3f80000, 0x00000000eab00000)
  object space 65024K, 50% used [0x00000000c0000000,0x00000000c2033fe0,0x00000000c3f80000)
 Metaspace       used 56399K, capacity 58810K, committed 58968K, reserved 1099776K
  class space    used 7641K, capacity 8170K, committed 8280K, reserved 1048576K
Event: 680.204 GC heap after
Heap after GC invocations=14 (full 2):
 PSYoungGen      total 172032K, used 22529K [0x00000000eab00000, 0x00000000f9880000, 0x0000000100000000)
  eden space 148992K, 0% used [0x00000000eab00000,0x00000000eab00000,0x00000000f3c80000)
  from space 23040K, 97% used [0x00000000f8200000,0x00000000f98007b8,0x00000000f9880000)
  to   space 28160K, 0% used [0x00000000f6180000,0x00000000f6180000,0x00000000f7d00000)
 ParOldGen       total 65024K, used 32983K [0x00000000c0000000, 0x00000000c3f80000, 0x00000000eab00000)
  object space 65024K, 50% used [0x00000000c0000000,0x00000000c2035fe0,0x00000000c3f80000)
 Metaspace       used 56399K, capacity 58810K, committed 58968K, reserved 1099776K
  class space    used 7641K, capacity 8170K, committed 8280K, reserved 1048576K
}
Event: 680.204 GC heap before
{Heap before GC invocations=15 (full 3):
 PSYoungGen      total 172032K, used 22529K [0x00000000eab00000, 0x00000000f9880000, 0x0000000100000000)
  eden space 148992K, 0% used [0x00000000eab00000,0x00000000eab00000,0x00000000f3c80000)
  from space 23040K, 97% used [0x00000000f8200000,0x00000000f98007b8,0x00000000f9880000)
  to   space 28160K, 0% used [0x00000000f6180000,0x00000000f6180000,0x00000000f7d00000)
 ParOldGen       total 65024K, used 32983K [0x00000000c0000000, 0x00000000c3f80000, 0x00000000eab00000)
  object space 65024K, 50% used [0x00000000c0000000,0x00000000c2035fe0,0x00000000c3f80000)
 Metaspace       used 56399K, capacity 58810K, committed 58968K, reserved 1099776K
  class space    used 7641K, capacity 8170K, committed 8280K, reserved 1048576K
Event: 680.744 GC heap after
Heap after GC invocations=15 (full 3):
 PSYoungGen      total 172032K, used 0K [0x00000000eab00000, 0x00000000f9880000, 0x0000000100000000)
  eden space 148992K, 0% used [0x00000000eab00000,0x00000000eab00000,0x00000000f3c80000)
  from space 23040K, 0% used [0x00000000f8200000,0x00000000f8200000,0x00000000f9880000)
  to   space 28160K, 0% used [0x00000000f6180000,0x00000000f6180000,0x00000000f7d00000)
 ParOldGen       total 108544K, used 42347K [0x00000000c0000000, 0x00000000c6a00000, 0x00000000eab00000)
  object space 108544K, 39% used [0x00000000c0000000,0x00000000c295ac70,0x00000000c6a00000)
 Metaspace       used 56399K, capacity 58810K, committed 58968K, reserved 1099776K
  class space    used 7641K, capacity 8170K, committed 8280K, reserved 1048576K
}
Event: 697.031 GC heap before
{Heap before GC invocations=16 (full 3):
 PSYoungGen      total 172032K, used 148992K [0x00000000eab00000, 0x00000000f9880000, 0x0000000100000000)
  eden space 148992K, 100% used [0x00000000eab00000,0x00000000f3c80000,0x00000000f3c80000)
  from space 23040K, 0% used [0x00000000f8200000,0x00000000f8200000,0x00000000f9880000)
  to   space 28160K, 0% used [0x00000000f6180000,0x00000000f6180000,0x00000000f7d00000)
 ParOldGen       total 108544K, used 42347K [0x00000000c0000000, 0x00000000c6a00000, 0x00000000eab00000)
  object space 108544K, 39% used [0x00000000c0000000,0x00000000c295ac70,0x00000000c6a00000)
 Metaspace       used 57333K, capacity 60088K, committed 60248K, reserved 1101824K
  class space    used 7710K, capacity 8257K, committed 8280K, reserved 1048576K
Event: 697.043 GC heap after
Heap after GC invocations=16 (full 3):
 PSYoungGen      total 189440K, used 5057K [0x00000000eab00000, 0x00000000f9500000, 0x0000000100000000)
  eden space 184320K, 0% used [0x00000000eab00000,0x00000000eab00000,0x00000000f5f00000)
  from space 5120K, 98% used [0x00000000f6180000,0x00000000f66705e0,0x00000000f6680000)
  to   space 27648K, 0% used [0x00000000f7a00000,0x00000000f7a00000,0x00000000f9500000)
 ParOldGen       total 108544K, used 42355K [0x00000000c0000000, 0x00000000c6a00000, 0x00000000eab00000)
  object space 108544K, 39% used [0x00000000c0000000,0x00000000c295cc70,0x00000000c6a00000)
 Metaspace       used 57333K, capacity 60088K, committed 60248K, reserved 1101824K
  class space    used 7710K, capacity 8257K, committed 8280K, reserved 1048576K
}
Event: 818.250 GC heap before
{Heap before GC invocations=17 (full 3):
 PSYoungGen      total 189440K, used 189377K [0x00000000eab00000, 0x00000000f9500000, 0x0000000100000000)
  eden space 184320K, 100% used [0x00000000eab00000,0x00000000f5f00000,0x00000000f5f00000)
  from space 5120K, 98% used [0x00000000f6180000,0x00000000f66705e0,0x00000000f6680000)
  to   space 27648K, 0% used [0x00000000f7a00000,0x00000000f7a00000,0x00000000f9500000)
 ParOldGen       total 108544K, used 42355K [0x00000000c0000000, 0x00000000c6a00000, 0x00000000eab00000)
  object space 108544K, 39% used [0x00000000c0000000,0x00000000c295cc70,0x00000000c6a00000)
 Metaspace       used 58505K, capacity 61524K, committed 61784K, reserved 1101824K
  class space    used 7841K, capacity 8461K, committed 8536K, reserved 1048576K
Event: 818.288 GC heap after
Heap after GC invocations=17 (full 3):
 PSYoungGen      total 212992K, used 9545K [0x00000000eab00000, 0x00000000fb680000, 0x0000000100000000)
  eden space 185344K, 0% used [0x00000000eab00000,0x00000000eab00000,0x00000000f6000000)
  from space 27648K, 34% used [0x00000000f7a00000,0x00000000f8352538,0x00000000f9500000)
  to   space 26624K, 0% used [0x00000000f6000000,0x00000000f6000000,0x00000000f7a00000)
 ParOldGen       total 108544K, used 42363K [0x00000000c0000000, 0x00000000c6a00000, 0x00000000eab00000)
  object space 108544K, 39% used [0x00000000c0000000,0x00000000c295ec70,0x00000000c6a00000)
 Metaspace       used 58505K, capacity 61524K, committed 61784K, reserved 1101824K
  class space    used 7841K, capacity 8461K, committed 8536K, reserved 1048576K
}

