# JRE version: OpenJDK Runtime Environment (8.0_112-b06) (build 1.8.0_112-release-b06)
# Java VM: OpenJDK 64-Bit Server VM (25.112-b06 mixed mode windows-amd64 compressed oops)
Heap:
 PSYoungGen      total 48640K, used 7394K [0x00000000eab00000, 0x00000000eed80000, 0x0000000100000000)
  eden space 41984K, 17% used [0x00000000eab00000,0x00000000eb2388c8,0x00000000ed400000)
  from space 6656K, 0% used [0x00000000ed400000,0x00000000ed400000,0x00000000eda80000)
  to   space 6656K, 0% used [0x00000000ee700000,0x00000000ee700000,0x00000000eed80000)
 ParOldGen       total 32256K, used 16862K [0x00000000c0000000, 0x00000000c1f80000, 0x00000000eab00000)
  object space 32256K, 52% used [0x00000000c0000000,0x00000000c1077b70,0x00000000c1f80000)
 Metaspace       used 34767K, capacity 35454K, committed 35712K, reserved 1079296K
  class space    used 4676K, capacity 4882K, committed 4992K, reserved 1048576K
GC Heap History (10 events):
Event: 23.721 GC heap before
{Heap before GC invocations=13 (full 1):
 PSYoungGen      total 29696K, used 26205K [0x00000000eab00000, 0x00000000ed700000, 0x0000000100000000)
  eden space 23040K, 100% used [0x00000000eab00000,0x00000000ec180000,0x00000000ec180000)
  from space 6656K, 47% used [0x00000000ec180000,0x00000000ec497538,0x00000000ec800000)
  to   space 6656K, 0% used [0x00000000ed080000,0x00000000ed080000,0x00000000ed700000)
 ParOldGen       total 32256K, used 9218K [0x00000000c0000000, 0x00000000c1f80000, 0x00000000eab00000)
  object space 32256K, 28% used [0x00000000c0000000,0x00000000c0900a28,0x00000000c1f80000)
 Metaspace       used 27267K, capacity 27840K, committed 28032K, reserved 1073152K
  class space    used 3785K, capacity 3918K, committed 3968K, reserved 1048576K
Event: 23.735 GC heap after
Heap after GC invocations=13 (full 1):
 PSYoungGen      total 38400K, used 3031K [0x00000000eab00000, 0x00000000ed780000, 0x0000000100000000)
  eden space 31744K, 0% used [0x00000000eab00000,0x00000000eab00000,0x00000000eca00000)
  from space 6656K, 45% used [0x00000000ed080000,0x00000000ed375e68,0x00000000ed700000)
  to   space 6656K, 0% used [0x00000000eca00000,0x00000000eca00000,0x00000000ed080000)
 ParOldGen       total 32256K, used 10635K [0x00000000c0000000, 0x00000000c1f80000, 0x00000000eab00000)
  object space 32256K, 32% used [0x00000000c0000000,0x00000000c0a62d60,0x00000000c1f80000)
 Metaspace       used 27267K, capacity 27840K, committed 28032K, reserved 1073152K
  class space    used 3785K, capacity 3918K, committed 3968K, reserved 1048576K
}
Event: 29.937 GC heap before
{Heap before GC invocations=14 (full 1):
 PSYoungGen      total 38400K, used 34775K [0x00000000eab00000, 0x00000000ed780000, 0x0000000100000000)
  eden space 31744K, 100% used [0x00000000eab00000,0x00000000eca00000,0x00000000eca00000)
  from space 6656K, 45% used [0x00000000ed080000,0x00000000ed375e68,0x00000000ed700000)
  to   space 6656K, 0% used [0x00000000eca00000,0x00000000eca00000,0x00000000ed080000)
 ParOldGen       total 32256K, used 10635K [0x00000000c0000000, 0x00000000c1f80000, 0x00000000eab00000)
  object space 32256K, 32% used [0x00000000c0000000,0x00000000c0a62d60,0x00000000c1f80000)
 Metaspace       used 29750K, capacity 30300K, committed 30464K, reserved 1075200K
  class space    used 4070K, capacity 4246K, committed 4352K, reserved 1048576K
Event: 29.947 GC heap after
Heap after GC invocations=14 (full 1):
 PSYoungGen      total 38400K, used 1830K [0x00000000eab00000, 0x00000000ee280000, 0x0000000100000000)
  eden space 31744K, 0% used [0x00000000eab00000,0x00000000eab00000,0x00000000eca00000)
  from space 6656K, 27% used [0x00000000eca00000,0x00000000ecbc9a10,0x00000000ed080000)
  to   space 6656K, 0% used [0x00000000edc00000,0x00000000edc00000,0x00000000ee280000)
 ParOldGen       total 32256K, used 12268K [0x00000000c0000000, 0x00000000c1f80000, 0x00000000eab00000)
  object space 32256K, 38% used [0x00000000c0000000,0x00000000c0bfb190,0x00000000c1f80000)
 Metaspace       used 29750K, capacity 30300K, committed 30464K, reserved 1075200K
  class space    used 4070K, capacity 4246K, committed 4352K, reserved 1048576K
}
Event: 47.777 GC heap before
{Heap before GC invocations=15 (full 1):
 PSYoungGen      total 38400K, used 33574K [0x00000000eab00000, 0x00000000ee280000, 0x0000000100000000)
  eden space 31744K, 100% used [0x00000000eab00000,0x00000000eca00000,0x00000000eca00000)
  from space 6656K, 27% used [0x00000000eca00000,0x00000000ecbc9a10,0x00000000ed080000)
  to   space 6656K, 0% used [0x00000000edc00000,0x00000000edc00000,0x00000000ee280000)
 ParOldGen       total 32256K, used 12268K [0x00000000c0000000, 0x00000000c1f80000, 0x00000000eab00000)
  object space 32256K, 38% used [0x00000000c0000000,0x00000000c0bfb190,0x00000000c1f80000)
 Metaspace       used 30357K, capacity 30962K, committed 31232K, reserved 1077248K
  class space    used 4142K, capacity 4316K, committed 4352K, reserved 1048576K
Event: 47.784 GC heap after
Heap after GC invocations=15 (full 1):
 PSYoungGen      total 47104K, used 1824K [0x00000000eab00000, 0x00000000ee100000, 0x0000000100000000)
  eden space 41984K, 0% used [0x00000000eab00000,0x00000000eab00000,0x00000000ed400000)
  from space 5120K, 35% used [0x00000000edc00000,0x00000000eddc8000,0x00000000ee100000)
  to   space 6656K, 0% used [0x00000000ed400000,0x00000000ed400000,0x00000000eda80000)
 ParOldGen       total 32256K, used 12928K [0x00000000c0000000, 0x00000000c1f80000, 0x00000000eab00000)
  object space 32256K, 40% used [0x00000000c0000000,0x00000000c0ca01b0,0x00000000c1f80000)
 Metaspace       used 30357K, capacity 30962K, committed 31232K, reserved 1077248K
  class space    used 4142K, capacity 4316K, committed 4352K, reserved 1048576K
}
Event: 50.598 GC heap before
{Heap before GC invocations=16 (full 1):
 PSYoungGen      total 47104K, used 32525K [0x00000000eab00000, 0x00000000ee100000, 0x0000000100000000)
  eden space 41984K, 73% used [0x00000000eab00000,0x00000000ec8fb728,0x00000000ed400000)
  from space 5120K, 35% used [0x00000000edc00000,0x00000000eddc8000,0x00000000ee100000)
  to   space 6656K, 0% used [0x00000000ed400000,0x00000000ed400000,0x00000000eda80000)
 ParOldGen       total 32256K, used 12928K [0x00000000c0000000, 0x00000000c1f80000, 0x00000000eab00000)
  object space 32256K, 40% used [0x00000000c0000000,0x00000000c0ca01b0,0x00000000c1f80000)
 Metaspace       used 34579K, capacity 35288K, committed 35416K, reserved 1079296K
  class space    used 4661K, capacity 4849K, committed 4864K, reserved 1048576K
Event: 50.611 GC heap after
Heap after GC invocations=16 (full 1):
 PSYoungGen      total 48640K, used 4347K [0x00000000eab00000, 0x00000000eed80000, 0x0000000100000000)
  eden space 41984K, 0% used [0x00000000eab00000,0x00000000eab00000,0x00000000ed400000)
  from space 6656K, 65% used [0x00000000ed400000,0x00000000ed83ed38,0x00000000eda80000)
  to   space 6656K, 0% used [0x00000000ee700000,0x00000000ee700000,0x00000000eed80000)
 ParOldGen       total 32256K, used 14272K [0x00000000c0000000, 0x00000000c1f80000, 0x00000000eab00000)
  object space 32256K, 44% used [0x00000000c0000000,0x00000000c0df01c0,0x00000000c1f80000)
 Metaspace       used 34579K, capacity 35288K, committed 35416K, reserved 1079296K
  class space    used 4661K, capacity 4849K, committed 4864K, reserved 1048576K
}
Event: 50.611 GC heap before
{Heap before GC invocations=17 (full 2):
 PSYoungGen      total 48640K, used 4347K [0x00000000eab00000, 0x00000000eed80000, 0x0000000100000000)
  eden space 41984K, 0% used [0x00000000eab00000,0x00000000eab00000,0x00000000ed400000)
  from space 6656K, 65% used [0x00000000ed400000,0x00000000ed83ed38,0x00000000eda80000)
  to   space 6656K, 0% used [0x00000000ee700000,0x00000000ee700000,0x00000000eed80000)
 ParOldGen       total 32256K, used 14272K [0x00000000c0000000, 0x00000000c1f80000, 0x00000000eab00000)
  object space 32256K, 44% used [0x00000000c0000000,0x00000000c0df01c0,0x00000000c1f80000)
 Metaspace       used 34579K, capacity 35288K, committed 35416K, reserved 1079296K
  class space    used 4661K, capacity 4849K, committed 4864K, reserved 1048576K
Event: 50.791 GC heap after
Heap after GC invocations=17 (full 2):
 PSYoungGen      total 48640K, used 0K [0x00000000eab00000, 0x00000000eed80000, 0x0000000100000000)
  eden space 41984K, 0% used [0x00000000eab00000,0x00000000eab00000,0x00000000ed400000)
  from space 6656K, 0% used [0x00000000ed400000,0x00000000ed400000,0x00000000eda80000)
  to   space 6656K, 0% used [0x00000000ee700000,0x00000000ee700000,0x00000000eed80000)
 ParOldGen       total 32256K, used 16862K [0x00000000c0000000, 0x00000000c1f80000, 0x00000000eab00000)
  object space 32256K, 52% used [0x00000000c0000000,0x00000000c1077b70,0x00000000c1f80000)
 Metaspace       used 34579K, capacity 35288K, committed 35416K, reserved 1079296K
  class space    used 4661K, capacity 4849K, committed 4864K, reserved 1048576K
}

