# JRE version: OpenJDK Runtime Environment (8.0_112-b06) (build 1.8.0_112-release-b06)
# Java VM: OpenJDK 64-Bit Server VM (25.112-b06 mixed mode windows-amd64 compressed oops)
Heap:
 PSYoungGen      total 152064K, used 122880K [0x00000000eab00000, 0x00000000fa400000, 0x0000000100000000)
  eden space 122880K, 100% used [0x00000000eab00000,0x00000000f2300000,0x00000000f2300000)
  from space 29184K, 0% used [0x00000000f8780000,0x00000000f8780000,0x00000000fa400000)
  to   space 20992K, 0% used [0x00000000f2300000,0x00000000f2300000,0x00000000f3780000)
 ParOldGen       total 44032K, used 43681K [0x00000000c0000000, 0x00000000c2b00000, 0x00000000eab00000)
  object space 44032K, 99% used [0x00000000c0000000,0x00000000c2aa8798,0x00000000c2b00000)
 Metaspace       used 6381K, capacity 7280K, committed 7552K, reserved 1056768K
  class space    used 585K, capacity 616K, committed 640K, reserved 1048576K
GC Heap History (10 events):
Event: 34.389 GC heap after
Heap after GC invocations=42 (full 32):
 PSYoungGen      total 152064K, used 121890K [0x00000000eab00000, 0x00000000fa400000, 0x0000000100000000)
  eden space 122880K, 99% used [0x00000000eab00000,0x00000000f2208840,0x00000000f2300000)
  from space 29184K, 0% used [0x00000000f8780000,0x00000000f8780000,0x00000000fa400000)
  to   space 20992K, 0% used [0x00000000f2300000,0x00000000f2300000,0x00000000f3780000)
 ParOldGen       total 44032K, used 43681K [0x00000000c0000000, 0x00000000c2b00000, 0x00000000eab00000)
  object space 44032K, 99% used [0x00000000c0000000,0x00000000c2aa8798,0x00000000c2b00000)
 Metaspace       used 6381K, capacity 7280K, committed 7552K, reserved 1056768K
  class space    used 585K, capacity 616K, committed 640K, reserved 1048576K
}
Event: 34.405 GC heap before
{Heap before GC invocations=43 (full 33):
 PSYoungGen      total 152064K, used 122880K [0x00000000eab00000, 0x00000000fa400000, 0x0000000100000000)
  eden space 122880K, 100% used [0x00000000eab00000,0x00000000f2300000,0x00000000f2300000)
  from space 29184K, 0% used [0x00000000f8780000,0x00000000f8780000,0x00000000fa400000)
  to   space 20992K, 0% used [0x00000000f2300000,0x00000000f2300000,0x00000000f3780000)
 ParOldGen       total 44032K, used 43681K [0x00000000c0000000, 0x00000000c2b00000, 0x00000000eab00000)
  object space 44032K, 99% used [0x00000000c0000000,0x00000000c2aa8798,0x00000000c2b00000)
 Metaspace       used 6381K, capacity 7280K, committed 7552K, reserved 1056768K
  class space    used 585K, capacity 616K, committed 640K, reserved 1048576K
Event: 34.956 GC heap after
Heap after GC invocations=43 (full 33):
 PSYoungGen      total 152064K, used 122024K [0x00000000eab00000, 0x00000000fa400000, 0x0000000100000000)
  eden space 122880K, 99% used [0x00000000eab00000,0x00000000f222a110,0x00000000f2300000)
  from space 29184K, 0% used [0x00000000f8780000,0x00000000f8780000,0x00000000fa400000)
  to   space 20992K, 0% used [0x00000000f2300000,0x00000000f2300000,0x00000000f3780000)
 ParOldGen       total 44032K, used 43681K [0x00000000c0000000, 0x00000000c2b00000, 0x00000000eab00000)
  object space 44032K, 99% used [0x00000000c0000000,0x00000000c2aa8798,0x00000000c2b00000)
 Metaspace       used 6381K, capacity 7280K, committed 7552K, reserved 1056768K
  class space    used 585K, capacity 616K, committed 640K, reserved 1048576K
}
Event: 34.962 GC heap before
{Heap before GC invocations=44 (full 34):
 PSYoungGen      total 152064K, used 122880K [0x00000000eab00000, 0x00000000fa400000, 0x0000000100000000)
  eden space 122880K, 100% used [0x00000000eab00000,0x00000000f2300000,0x00000000f2300000)
  from space 29184K, 0% used [0x00000000f8780000,0x00000000f8780000,0x00000000fa400000)
  to   space 20992K, 0% used [0x00000000f2300000,0x00000000f2300000,0x00000000f3780000)
 ParOldGen       total 44032K, used 43681K [0x00000000c0000000, 0x00000000c2b00000, 0x00000000eab00000)
  object space 44032K, 99% used [0x00000000c0000000,0x00000000c2aa8798,0x00000000c2b00000)
 Metaspace       used 6381K, capacity 7280K, committed 7552K, reserved 1056768K
  class space    used 585K, capacity 616K, committed 640K, reserved 1048576K
Event: 35.549 GC heap after
Heap after GC invocations=44 (full 34):
 PSYoungGen      total 152064K, used 122236K [0x00000000eab00000, 0x00000000fa400000, 0x0000000100000000)
  eden space 122880K, 99% used [0x00000000eab00000,0x00000000f225f198,0x00000000f2300000)
  from space 29184K, 0% used [0x00000000f8780000,0x00000000f8780000,0x00000000fa400000)
  to   space 20992K, 0% used [0x00000000f2300000,0x00000000f2300000,0x00000000f3780000)
 ParOldGen       total 44032K, used 43681K [0x00000000c0000000, 0x00000000c2b00000, 0x00000000eab00000)
  object space 44032K, 99% used [0x00000000c0000000,0x00000000c2aa8798,0x00000000c2b00000)
 Metaspace       used 6381K, capacity 7280K, committed 7552K, reserved 1056768K
  class space    used 585K, capacity 616K, committed 640K, reserved 1048576K
}
Event: 35.562 GC heap before
{Heap before GC invocations=45 (full 35):
 PSYoungGen      total 152064K, used 122880K [0x00000000eab00000, 0x00000000fa400000, 0x0000000100000000)
  eden space 122880K, 100% used [0x00000000eab00000,0x00000000f2300000,0x00000000f2300000)
  from space 29184K, 0% used [0x00000000f8780000,0x00000000f8780000,0x00000000fa400000)
  to   space 20992K, 0% used [0x00000000f2300000,0x00000000f2300000,0x00000000f3780000)
 ParOldGen       total 44032K, used 43681K [0x00000000c0000000, 0x00000000c2b00000, 0x00000000eab00000)
  object space 44032K, 99% used [0x00000000c0000000,0x00000000c2aa8798,0x00000000c2b00000)
 Metaspace       used 6381K, capacity 7280K, committed 7552K, reserved 1056768K
  class space    used 585K, capacity 616K, committed 640K, reserved 1048576K
Event: 36.224 GC heap after
Heap after GC invocations=45 (full 35):
 PSYoungGen      total 152064K, used 122292K [0x00000000eab00000, 0x00000000fa400000, 0x0000000100000000)
  eden space 122880K, 99% used [0x00000000eab00000,0x00000000f226d0b8,0x00000000f2300000)
  from space 29184K, 0% used [0x00000000f8780000,0x00000000f8780000,0x00000000fa400000)
  to   space 20992K, 0% used [0x00000000f2300000,0x00000000f2300000,0x00000000f3780000)
 ParOldGen       total 44032K, used 43681K [0x00000000c0000000, 0x00000000c2b00000, 0x00000000eab00000)
  object space 44032K, 99% used [0x00000000c0000000,0x00000000c2aa8798,0x00000000c2b00000)
 Metaspace       used 6381K, capacity 7280K, committed 7552K, reserved 1056768K
  class space    used 585K, capacity 616K, committed 640K, reserved 1048576K
}
Event: 36.229 GC heap before
{Heap before GC invocations=46 (full 36):
 PSYoungGen      total 152064K, used 122880K [0x00000000eab00000, 0x00000000fa400000, 0x0000000100000000)
  eden space 122880K, 100% used [0x00000000eab00000,0x00000000f2300000,0x00000000f2300000)
  from space 29184K, 0% used [0x00000000f8780000,0x00000000f8780000,0x00000000fa400000)
  to   space 20992K, 0% used [0x00000000f2300000,0x00000000f2300000,0x00000000f3780000)
 ParOldGen       total 44032K, used 43681K [0x00000000c0000000, 0x00000000c2b00000, 0x00000000eab00000)
  object space 44032K, 99% used [0x00000000c0000000,0x00000000c2aa8798,0x00000000c2b00000)
 Metaspace       used 6381K, capacity 7280K, committed 7552K, reserved 1056768K
  class space    used 585K, capacity 616K, committed 640K, reserved 1048576K
Event: 36.716 GC heap after
Heap after GC invocations=46 (full 36):
 PSYoungGen      total 152064K, used 122420K [0x00000000eab00000, 0x00000000fa400000, 0x0000000100000000)
  eden space 122880K, 99% used [0x00000000eab00000,0x00000000f228d200,0x00000000f2300000)
  from space 29184K, 0% used [0x00000000f8780000,0x00000000f8780000,0x00000000fa400000)
  to   space 20992K, 0% used [0x00000000f2300000,0x00000000f2300000,0x00000000f3780000)
 ParOldGen       total 44032K, used 43681K [0x00000000c0000000, 0x00000000c2b00000, 0x00000000eab00000)
  object space 44032K, 99% used [0x00000000c0000000,0x00000000c2aa8798,0x00000000c2b00000)
 Metaspace       used 6381K, capacity 7280K, committed 7552K, reserved 1056768K
  class space    used 585K, capacity 616K, committed 640K, reserved 1048576K
}
Event: 36.718 GC heap before
{Heap before GC invocations=47 (full 37):
 PSYoungGen      total 152064K, used 122880K [0x00000000eab00000, 0x00000000fa400000, 0x0000000100000000)
  eden space 122880K, 100% used [0x00000000eab00000,0x00000000f2300000,0x00000000f2300000)
  from space 29184K, 0% used [0x00000000f8780000,0x00000000f8780000,0x00000000fa400000)
  to   space 20992K, 0% used [0x00000000f2300000,0x00000000f2300000,0x00000000f3780000)
 ParOldGen       total 44032K, used 43681K [0x00000000c0000000, 0x00000000c2b00000, 0x00000000eab00000)
  object space 44032K, 99% used [0x00000000c0000000,0x00000000c2aa8798,0x00000000c2b00000)
 Metaspace       used 6381K, capacity 7280K, committed 7552K, reserved 1056768K
  class space    used 585K, capacity 616K, committed 640K, reserved 1048576K

