# JRE version: OpenJDK Runtime Environment (8.0_112-b06) (build 1.8.0_112-release-b06)
# Java VM: OpenJDK 64-Bit Server VM (25.112-b06 mixed mode windows-amd64 compressed oops)
Heap:
 PSYoungGen      total 138752K, used 122880K [0x00000000eab00000, 0x00000000f5100000, 0x0000000100000000)
  eden space 122880K, 100% used [0x00000000eab00000,0x00000000f2300000,0x00000000f2300000)
  from space 15872K, 0% used [0x00000000f3780000,0x00000000f3780000,0x00000000f4700000)
  to   space 20992K, 0% used [0x00000000f2300000,0x00000000f2300000,0x00000000f3780000)
 ParOldGen       total 56320K, used 55881K [0x00000000c0000000, 0x00000000c3700000, 0x00000000eab00000)
  object space 56320K, 99% used [0x00000000c0000000,0x00000000c3692420,0x00000000c3700000)
 Metaspace       used 6384K, capacity 7280K, committed 7552K, reserved 1056768K
  class space    used 584K, capacity 616K, committed 640K, reserved 1048576K
GC Heap History (10 events):
Event: 13.024 GC heap after
Heap after GC invocations=15 (full 5):
 PSYoungGen      total 138752K, used 58875K [0x00000000eab00000, 0x00000000f5100000, 0x0000000100000000)
  eden space 122880K, 47% used [0x00000000eab00000,0x00000000ee47eeb0,0x00000000f2300000)
  from space 15872K, 0% used [0x00000000f3780000,0x00000000f3780000,0x00000000f4700000)
  to   space 20992K, 0% used [0x00000000f2300000,0x00000000f2300000,0x00000000f3780000)
 ParOldGen       total 56320K, used 55885K [0x00000000c0000000, 0x00000000c3700000, 0x00000000eab00000)
  object space 56320K, 99% used [0x00000000c0000000,0x00000000c3693680,0x00000000c3700000)
 Metaspace       used 6377K, capacity 7280K, committed 7552K, reserved 1056768K
  class space    used 584K, capacity 616K, committed 640K, reserved 1048576K
}
Event: 13.464 GC heap before
{Heap before GC invocations=16 (full 6):
 PSYoungGen      total 138752K, used 122880K [0x00000000eab00000, 0x00000000f5100000, 0x0000000100000000)
  eden space 122880K, 100% used [0x00000000eab00000,0x00000000f2300000,0x00000000f2300000)
  from space 15872K, 0% used [0x00000000f3780000,0x00000000f3780000,0x00000000f4700000)
  to   space 20992K, 0% used [0x00000000f2300000,0x00000000f2300000,0x00000000f3780000)
 ParOldGen       total 56320K, used 55885K [0x00000000c0000000, 0x00000000c3700000, 0x00000000eab00000)
  object space 56320K, 99% used [0x00000000c0000000,0x00000000c3693680,0x00000000c3700000)
 Metaspace       used 6380K, capacity 7280K, committed 7552K, reserved 1056768K
  class space    used 584K, capacity 616K, committed 640K, reserved 1048576K
Event: 14.590 GC heap after
Heap after GC invocations=16 (full 6):
 PSYoungGen      total 138752K, used 68552K [0x00000000eab00000, 0x00000000f5100000, 0x0000000100000000)
  eden space 122880K, 55% used [0x00000000eab00000,0x00000000eedf2030,0x00000000f2300000)
  from space 15872K, 0% used [0x00000000f3780000,0x00000000f3780000,0x00000000f4700000)
  to   space 20992K, 0% used [0x00000000f2300000,0x00000000f2300000,0x00000000f3780000)
 ParOldGen       total 56320K, used 55885K [0x00000000c0000000, 0x00000000c3700000, 0x00000000eab00000)
  object space 56320K, 99% used [0x00000000c0000000,0x00000000c3693560,0x00000000c3700000)
 Metaspace       used 6380K, capacity 7280K, committed 7552K, reserved 1056768K
  class space    used 584K, capacity 616K, committed 640K, reserved 1048576K
}
Event: 14.937 GC heap before
{Heap before GC invocations=17 (full 7):
 PSYoungGen      total 138752K, used 122880K [0x00000000eab00000, 0x00000000f5100000, 0x0000000100000000)
  eden space 122880K, 100% used [0x00000000eab00000,0x00000000f2300000,0x00000000f2300000)
  from space 15872K, 0% used [0x00000000f3780000,0x00000000f3780000,0x00000000f4700000)
  to   space 20992K, 0% used [0x00000000f2300000,0x00000000f2300000,0x00000000f3780000)
 ParOldGen       total 56320K, used 55885K [0x00000000c0000000, 0x00000000c3700000, 0x00000000eab00000)
  object space 56320K, 99% used [0x00000000c0000000,0x00000000c3693560,0x00000000c3700000)
 Metaspace       used 6382K, capacity 7280K, committed 7552K, reserved 1056768K
  class space    used 584K, capacity 616K, committed 640K, reserved 1048576K
Event: 15.859 GC heap after
Heap after GC invocations=17 (full 7):
 PSYoungGen      total 138752K, used 76528K [0x00000000eab00000, 0x00000000f5100000, 0x0000000100000000)
  eden space 122880K, 62% used [0x00000000eab00000,0x00000000ef5bc290,0x00000000f2300000)
  from space 15872K, 0% used [0x00000000f3780000,0x00000000f3780000,0x00000000f4700000)
  to   space 20992K, 0% used [0x00000000f2300000,0x00000000f2300000,0x00000000f3780000)
 ParOldGen       total 56320K, used 55881K [0x00000000c0000000, 0x00000000c3700000, 0x00000000eab00000)
  object space 56320K, 99% used [0x00000000c0000000,0x00000000c3692470,0x00000000c3700000)
 Metaspace       used 6382K, capacity 7280K, committed 7552K, reserved 1056768K
  class space    used 584K, capacity 616K, committed 640K, reserved 1048576K
}
Event: 16.344 GC heap before
{Heap before GC invocations=18 (full 8):
 PSYoungGen      total 138752K, used 122880K [0x00000000eab00000, 0x00000000f5100000, 0x0000000100000000)
  eden space 122880K, 100% used [0x00000000eab00000,0x00000000f2300000,0x00000000f2300000)
  from space 15872K, 0% used [0x00000000f3780000,0x00000000f3780000,0x00000000f4700000)
  to   space 20992K, 0% used [0x00000000f2300000,0x00000000f2300000,0x00000000f3780000)
 ParOldGen       total 56320K, used 55881K [0x00000000c0000000, 0x00000000c3700000, 0x00000000eab00000)
  object space 56320K, 99% used [0x00000000c0000000,0x00000000c3692470,0x00000000c3700000)
 Metaspace       used 6383K, capacity 7280K, committed 7552K, reserved 1056768K
  class space    used 584K, capacity 616K, committed 640K, reserved 1048576K
Event: 17.452 GC heap after
Heap after GC invocations=18 (full 8):
 PSYoungGen      total 138752K, used 83345K [0x00000000eab00000, 0x00000000f5100000, 0x0000000100000000)
  eden space 122880K, 67% used [0x00000000eab00000,0x00000000efc646a0,0x00000000f2300000)
  from space 15872K, 0% used [0x00000000f3780000,0x00000000f3780000,0x00000000f4700000)
  to   space 20992K, 0% used [0x00000000f2300000,0x00000000f2300000,0x00000000f3780000)
 ParOldGen       total 56320K, used 55881K [0x00000000c0000000, 0x00000000c3700000, 0x00000000eab00000)
  object space 56320K, 99% used [0x00000000c0000000,0x00000000c3692430,0x00000000c3700000)
 Metaspace       used 6383K, capacity 7280K, committed 7552K, reserved 1056768K
  class space    used 584K, capacity 616K, committed 640K, reserved 1048576K
}
Event: 17.770 GC heap before
{Heap before GC invocations=19 (full 9):
 PSYoungGen      total 138752K, used 122880K [0x00000000eab00000, 0x00000000f5100000, 0x0000000100000000)
  eden space 122880K, 100% used [0x00000000eab00000,0x00000000f2300000,0x00000000f2300000)
  from space 15872K, 0% used [0x00000000f3780000,0x00000000f3780000,0x00000000f4700000)
  to   space 20992K, 0% used [0x00000000f2300000,0x00000000f2300000,0x00000000f3780000)
 ParOldGen       total 56320K, used 55881K [0x00000000c0000000, 0x00000000c3700000, 0x00000000eab00000)
  object space 56320K, 99% used [0x00000000c0000000,0x00000000c3692430,0x00000000c3700000)
 Metaspace       used 6384K, capacity 7280K, committed 7552K, reserved 1056768K
  class space    used 584K, capacity 616K, committed 640K, reserved 1048576K
Event: 18.520 GC heap after
Heap after GC invocations=19 (full 9):
 PSYoungGen      total 138752K, used 89047K [0x00000000eab00000, 0x00000000f5100000, 0x0000000100000000)
  eden space 122880K, 72% used [0x00000000eab00000,0x00000000f01f5e40,0x00000000f2300000)
  from space 15872K, 0% used [0x00000000f3780000,0x00000000f3780000,0x00000000f4700000)
  to   space 20992K, 0% used [0x00000000f2300000,0x00000000f2300000,0x00000000f3780000)
 ParOldGen       total 56320K, used 55881K [0x00000000c0000000, 0x00000000c3700000, 0x00000000eab00000)
  object space 56320K, 99% used [0x00000000c0000000,0x00000000c3692420,0x00000000c3700000)
 Metaspace       used 6384K, capacity 7280K, committed 7552K, reserved 1056768K
  class space    used 584K, capacity 616K, committed 640K, reserved 1048576K
}
Event: 18.876 GC heap before
{Heap before GC invocations=20 (full 10):
 PSYoungGen      total 138752K, used 122880K [0x00000000eab00000, 0x00000000f5100000, 0x0000000100000000)
  eden space 122880K, 100% used [0x00000000eab00000,0x00000000f2300000,0x00000000f2300000)
  from space 15872K, 0% used [0x00000000f3780000,0x00000000f3780000,0x00000000f4700000)
  to   space 20992K, 0% used [0x00000000f2300000,0x00000000f2300000,0x00000000f3780000)
 ParOldGen       total 56320K, used 55881K [0x00000000c0000000, 0x00000000c3700000, 0x00000000eab00000)
  object space 56320K, 99% used [0x00000000c0000000,0x00000000c3692420,0x00000000c3700000)
 Metaspace       used 6384K, capacity 7280K, committed 7552K, reserved 1056768K
  class space    used 584K, capacity 616K, committed 640K, reserved 1048576K

